<?xml version="1.0" encoding="UTF-8"?>
<robot generator="Robot 6.1.1 (Python 3.10.11 on win32)" generated="20240504 13:14:10.809" rpa="false" schemaversion="4">
<suite id="s1" name="Login" source="c:\kurssit\tjta303\demo2\osa3\login-robot\src\tests\login.robot">
<test id="s1-t1" name="Register With Too Short Username And Valid Password" line="28">
<kw name="Create User And Input Login Command" type="SETUP">
<kw name="Create User" library="AppLibrary">
<arg>kalle</arg>
<arg>kalle123</arg>
<status status="PASS" starttime="20240504 13:14:10.842" endtime="20240504 13:14:10.842"/>
</kw>
<kw name="Input Login Command" library="resource">
<kw name="Input" library="AppLibrary">
<arg>login</arg>
<status status="PASS" starttime="20240504 13:14:10.843" endtime="20240504 13:14:10.843"/>
</kw>
<status status="PASS" starttime="20240504 13:14:10.842" endtime="20240504 13:14:10.843"/>
</kw>
<status status="PASS" starttime="20240504 13:14:10.841" endtime="20240504 13:14:10.843"/>
</kw>
<kw name="Create User" library="AppLibrary">
<arg>aa</arg>
<arg>asdf1234</arg>
<msg timestamp="20240504 13:14:10.844" level="FAIL">UserInputError: Username too short</msg>
<status status="FAIL" starttime="20240504 13:14:10.843" endtime="20240504 13:14:10.846"/>
</kw>
<kw name="Output Should Contain" library="AppLibrary">
<arg>Username too short</arg>
<status status="NOT RUN" starttime="20240504 13:14:10.847" endtime="20240504 13:14:10.847"/>
</kw>
<status status="FAIL" starttime="20240504 13:14:10.841" endtime="20240504 13:14:10.848">UserInputError: Username too short</status>
</test>
<status status="FAIL" starttime="20240504 13:14:10.813" endtime="20240504 13:14:10.849"/>
</suite>
<statistics>
<total>
<stat pass="0" fail="1" skip="0">All Tests</stat>
</total>
<tag>
</tag>
<suite>
<stat pass="0" fail="1" skip="0" id="s1" name="Login">Login</stat>
</suite>
</statistics>
<errors>
</errors>
</robot>
