<?xml version="1.0" encoding="UTF-8"?>
<robot generator="Robot 6.1.1 (Python 3.10.11 on win32)" generated="20240503 23:05:55.233" rpa="false" schemaversion="4">
<suite id="s1" name="Tests" source="C:\kurssit\tjta303\demo2\osa3\login-robot\src\tests">
<suite id="s1-s1" name="Login" source="C:\kurssit\tjta303\demo2\osa3\login-robot\src\tests\login.robot">
<test id="s1-s1-t1" name="Login With Correct Credentials" line="6">
<kw name="Create User And Input Login Command" type="SETUP">
<kw name="Create User" library="AppLibrary">
<arg>kalle</arg>
<arg>kalle123</arg>
<status status="PASS" starttime="20240503 23:05:55.259" endtime="20240503 23:05:55.259"/>
</kw>
<kw name="Input Login Command" library="resource">
<kw name="Input" library="AppLibrary">
<arg>login</arg>
<status status="PASS" starttime="20240503 23:05:55.260" endtime="20240503 23:05:55.260"/>
</kw>
<status status="PASS" starttime="20240503 23:05:55.259" endtime="20240503 23:05:55.260"/>
</kw>
<status status="PASS" starttime="20240503 23:05:55.259" endtime="20240503 23:05:55.260"/>
</kw>
<kw name="Input Credentials" library="resource">
<arg>kalle</arg>
<arg>kalle123</arg>
<kw name="Input" library="AppLibrary">
<arg>${username}</arg>
<status status="PASS" starttime="20240503 23:05:55.260" endtime="20240503 23:05:55.260"/>
</kw>
<kw name="Input" library="AppLibrary">
<arg>${password}</arg>
<status status="PASS" starttime="20240503 23:05:55.260" endtime="20240503 23:05:55.260"/>
</kw>
<kw name="Run Application" library="AppLibrary">
<status status="PASS" starttime="20240503 23:05:55.260" endtime="20240503 23:05:55.260"/>
</kw>
<status status="PASS" starttime="20240503 23:05:55.260" endtime="20240503 23:05:55.260"/>
</kw>
<kw name="Output Should Contain" library="AppLibrary">
<arg>Logged in</arg>
<status status="PASS" starttime="20240503 23:05:55.260" endtime="20240503 23:05:55.261"/>
</kw>
<status status="PASS" starttime="20240503 23:05:55.259" endtime="20240503 23:05:55.261"/>
</test>
<test id="s1-s1-t2" name="Login With Incorrect Password" line="10">
<kw name="Create User And Input Login Command" type="SETUP">
<kw name="Create User" library="AppLibrary">
<arg>kalle</arg>
<arg>kalle123</arg>
<status status="PASS" starttime="20240503 23:05:55.261" endtime="20240503 23:05:55.261"/>
</kw>
<kw name="Input Login Command" library="resource">
<kw name="Input" library="AppLibrary">
<arg>login</arg>
<status status="PASS" starttime="20240503 23:05:55.261" endtime="20240503 23:05:55.262"/>
</kw>
<status status="PASS" starttime="20240503 23:05:55.261" endtime="20240503 23:05:55.262"/>
</kw>
<status status="PASS" starttime="20240503 23:05:55.261" endtime="20240503 23:05:55.262"/>
</kw>
<kw name="Input Credentials" library="resource">
<arg>kalle</arg>
<arg>kalle321</arg>
<kw name="Input" library="AppLibrary">
<arg>${username}</arg>
<status status="PASS" starttime="20240503 23:05:55.262" endtime="20240503 23:05:55.262"/>
</kw>
<kw name="Input" library="AppLibrary">
<arg>${password}</arg>
<status status="PASS" starttime="20240503 23:05:55.262" endtime="20240503 23:05:55.262"/>
</kw>
<kw name="Run Application" library="AppLibrary">
<status status="PASS" starttime="20240503 23:05:55.262" endtime="20240503 23:05:55.262"/>
</kw>
<status status="PASS" starttime="20240503 23:05:55.262" endtime="20240503 23:05:55.262"/>
</kw>
<kw name="Output Should Contain" library="AppLibrary">
<arg>Invalid username or password</arg>
<status status="PASS" starttime="20240503 23:05:55.262" endtime="20240503 23:05:55.262"/>
</kw>
<status status="PASS" starttime="20240503 23:05:55.261" endtime="20240503 23:05:55.262"/>
</test>
<test id="s1-s1-t3" name="Login With Nonexistent Username" line="14">
<kw name="Create User And Input Login Command" type="SETUP">
<kw name="Create User" library="AppLibrary">
<arg>kalle</arg>
<arg>kalle123</arg>
<status status="PASS" starttime="20240503 23:05:55.263" endtime="20240503 23:05:55.263"/>
</kw>
<kw name="Input Login Command" library="resource">
<kw name="Input" library="AppLibrary">
<arg>login</arg>
<status status="PASS" starttime="20240503 23:05:55.263" endtime="20240503 23:05:55.263"/>
</kw>
<status status="PASS" starttime="20240503 23:05:55.263" endtime="20240503 23:05:55.263"/>
</kw>
<status status="PASS" starttime="20240503 23:05:55.263" endtime="20240503 23:05:55.263"/>
</kw>
<kw name="Input Credentials" library="resource">
<arg>pekka</arg>
<arg>kalle123</arg>
<kw name="Input" library="AppLibrary">
<arg>${username}</arg>
<status status="PASS" starttime="20240503 23:05:55.263" endtime="20240503 23:05:55.264"/>
</kw>
<kw name="Input" library="AppLibrary">
<arg>${password}</arg>
<status status="PASS" starttime="20240503 23:05:55.264" endtime="20240503 23:05:55.264"/>
</kw>
<kw name="Run Application" library="AppLibrary">
<status status="PASS" starttime="20240503 23:05:55.264" endtime="20240503 23:05:55.264"/>
</kw>
<status status="PASS" starttime="20240503 23:05:55.263" endtime="20240503 23:05:55.264"/>
</kw>
<kw name="Output Should Contain" library="AppLibrary">
<arg>Invalid username or password</arg>
<status status="PASS" starttime="20240503 23:05:55.264" endtime="20240503 23:05:55.264"/>
</kw>
<status status="PASS" starttime="20240503 23:05:55.263" endtime="20240503 23:05:55.264"/>
</test>
<status status="PASS" starttime="20240503 23:05:55.250" endtime="20240503 23:05:55.264"/>
</suite>
<status status="PASS" starttime="20240503 23:05:55.234" endtime="20240503 23:05:55.265"/>
</suite>
<statistics>
<total>
<stat pass="3" fail="0" skip="0">All Tests</stat>
</total>
<tag>
</tag>
<suite>
<stat pass="3" fail="0" skip="0" id="s1" name="Tests">Tests</stat>
<stat pass="3" fail="0" skip="0" id="s1-s1" name="Login">Tests.Login</stat>
</suite>
</statistics>
<errors>
</errors>
</robot>
